#
# A fatal error has been detected by the Java Runtime Environment:
#
#  SIGSEGV (0xb) at pc=0xb549f4b3, pid=2423, tid=3078228800
#
# JRE version: 7.0_09-b05
# Java VM: Java HotSpot(TM) Client VM (23.5-b02 mixed mode linux-x86 )
# Problematic frame:
# J  java.net.URL.<init>(Ljava/net/URL;Ljava/lang/String;Ljava/net/URLStreamHandler;)V
#
# Failed to write core dump. Core dumps have been disabled. To enable core dumping, try "ulimit -c unlimited" before starting Java again
#
# If you would like to submit a bug report, please visit:
#   http://bugreport.sun.com/bugreport/crash.jsp
#

---------------  T H R E A D  ---------------

Current thread (0xb7607400):  JavaThread "main" [_thread_in_Java, id=2427, stack(0xb7750000,0xb77a1000)]

siginfo:si_signo=SIGSEGV: si_errno=0, si_code=128 (), si_addr=0x00000000

Registers:
EAX=0x00000063, EBX=0x00000000, ECX=0xa157a2e8, EDX=0x00000001
ESP=0xb779ef10, EBP=0xb779f048, ESI=0xa157a2e8, EDI=0x0000002c
EIP=0xb549f4b3, EFLAGS=0x00210202, CR2=0xb7715f00

Top of Stack: (sp=0xb779ef10)
0xb779ef10:   00000000 a13c3df0 00000000 00000004
0xb779ef20:   a157a1ac a157a30c 0000002c 0123faac
0xb779ef30:   b76bd2c8 b7607400 00000000 00000000
0xb779ef40:   a157a168 a13bde08 b779ef78 00000000
0xb779ef50:   0000002c 00000000 0000002c a157a300
0xb779ef60:   b779ef60 b14a72a0 b779ef88 b14a9a78
0xb779ef70:   00000000 b14a72a8 b779f080 b549ca54
0xb779ef80:   0000002c 00000000 00000000 b779ef8c 

Instructions: (pc=0xb549f4b3)
0xb549f493:   c7 44 24 04 f0 3d 3c a1 c7 44 24 08 00 00 00 00
0xb549f4a3:   c7 44 24 0c 04 00 00 00 8b ce 89 5c 24 3c 90 90
0xb549f4b3:   e8 c6 29 00 00 83 f8 00 8b 5c 24 3c 0f 84 03 00
0xb549f4c3:   00 00 83 c3 04 8b b4 24 f0 00 00 00 8b 56 08 8b 

Register to memory mapping:

EAX=0x00000063 is an unknown value
EBX=0x00000000 is an unknown value
ECX=
[error occurred during error reporting (printing register info), id 0xb]

Stack: [0xb7750000,0xb77a1000],  sp=0xb779ef10,  free space=315k
Native frames: (J=compiled Java code, j=interpreted, Vv=VM code, C=native code)
J  java.net.URL.<init>(Ljava/net/URL;Ljava/lang/String;Ljava/net/URLStreamHandler;)V
j  sun.misc.URLClassPath$FileLoader.getResource(Ljava/lang/String;Z)Lsun/misc/Resource;+28
j  sun.misc.URLClassPath.getResource(Ljava/lang/String;Z)Lsun/misc/Resource;+53
j  java.net.URLClassLoader$1.run()Ljava/lang/Class;+26
j  java.net.URLClassLoader$1.run()Ljava/lang/Object;+1
v  ~StubRoutines::call_stub
V  [libjvm.so+0x27de15]  JavaCalls::call_helper(JavaValue*, methodHandle*, JavaCallArguments*, Thread*)+0x315
V  [libjvm.so+0x3a2a29]  os::os_exception_wrapper(void (*)(JavaValue*, methodHandle*, JavaCallArguments*, Thread*), JavaValue*, methodHandle*, JavaCallArguments*, Thread*)+0x19
V  [libjvm.so+0x27cc2f]  JavaCalls::call(JavaValue*, methodHandle, JavaCallArguments*, Thread*)+0x2f
V  [libjvm.so+0x2d7944]  JVM_DoPrivileged+0x274
C  [libjava.so+0x9a4a]  Java_java_security_AccessController_doPrivileged__Ljava_security_PrivilegedExceptionAction_2Ljava_security_AccessControlContext_2+0x3a
j  java.security.AccessController.doPrivileged(Ljava/security/PrivilegedExceptionAction;Ljava/security/AccessControlContext;)Ljava/lang/Object;+0
j  java.net.URLClassLoader.findClass(Ljava/lang/String;)Ljava/lang/Class;+13
j  java.lang.ClassLoader.loadClass(Ljava/lang/String;Z)Ljava/lang/Class;+70
j  sun.misc.Launcher$AppClassLoader.loadClass(Ljava/lang/String;Z)Ljava/lang/Class;+36
j  java.lang.ClassLoader.loadClass(Ljava/lang/String;)Ljava/lang/Class;+3
v  ~StubRoutines::call_stub
V  [libjvm.so+0x27de15]  JavaCalls::call_helper(JavaValue*, methodHandle*, JavaCallArguments*, Thread*)+0x315
V  [libjvm.so+0x3a2a29]  os::os_exception_wrapper(void (*)(JavaValue*, methodHandle*, JavaCallArguments*, Thread*), JavaValue*, methodHandle*, JavaCallArguments*, Thread*)+0x19
V  [libjvm.so+0x27cc2f]  JavaCalls::call(JavaValue*, methodHandle, JavaCallArguments*, Thread*)+0x2f
V  [libjvm.so+0x27e23a]  JavaCalls::call_virtual(JavaValue*, Handle, KlassHandle, Symbol*, Symbol*, Handle, Thread*)+0x12a
V  [libjvm.so+0x432531]  SystemDictionary::load_instance_class(Symbol*, Handle, Thread*)+0x471
V  [libjvm.so+0x432c26]  SystemDictionary::resolve_instance_class_or_null(Symbol*, Handle, Handle, Thread*)+0x6d6
V  [libjvm.so+0x4331c0]  SystemDictionary::resolve_or_fail(Symbol*, Handle, Handle, bool, Thread*)+0x30
V  [libjvm.so+0x47bc26]  VerificationType::is_reference_assignable_from(VerificationType const&, ClassVerifier*, Thread*) const+0x1e6
V  [libjvm.so+0x4853c5]  StackMapFrame::pop_stack(VerificationType, Thread*)+0x135
V  [libjvm.so+0x47f431]  ClassVerifier::verify_invoke_instructions(RawBytecodeStream*, unsigned int, StackMapFrame*, bool*, VerificationType, constantPoolHandle, Thread*)+0x521
V  [libjvm.so+0x480b2e]  ClassVerifier::verify_method(methodHandle, Thread*)+0xe2e
V  [libjvm.so+0x484537]  ClassVerifier::verify_class(Thread*)+0xd7
V  [libjvm.so+0x4848e8]  Verifier::verify(instanceKlassHandle, Verifier::Mode, bool, Thread*)+0x258
V  [libjvm.so+0x24bb57]  instanceKlass::verify_code(instanceKlassHandle, bool, Thread*)+0x37
V  [libjvm.so+0x24e6f4]  instanceKlass::link_class_impl(instanceKlassHandle, bool, Thread*)+0x4b4
V  [libjvm.so+0x25520f]  instanceKlass::initialize_impl(instanceKlassHandle, Thread*)+0x5f
V  [libjvm.so+0x25575b]  instanceKlass::initialize(Thread*)+0x5b
V  [libjvm.so+0x275a4c]  InterpreterRuntime::_new(JavaThread*, constantPoolOopDesc*, int)+0x12c
j  compilador.parser.Parser.<init>(Lcompilador/lexer/Lexer;)V+5
j  main.Main.main([Ljava/lang/String;)V+318
v  ~StubRoutines::call_stub
V  [libjvm.so+0x27de15]  JavaCalls::call_helper(JavaValue*, methodHandle*, JavaCallArguments*, Thread*)+0x315
V  [libjvm.so+0x3a2a29]  os::os_exception_wrapper(void (*)(JavaValue*, methodHandle*, JavaCallArguments*, Thread*), JavaValue*, methodHandle*, JavaCallArguments*, Thread*)+0x19
V  [libjvm.so+0x27cc2f]  JavaCalls::call(JavaValue*, methodHandle, JavaCallArguments*, Thread*)+0x2f
V  [libjvm.so+0x2906da]  jni_invoke_static(JNIEnv_*, JavaValue*, _jobject*, JNICallType, _jmethodID*, JNI_ArgumentPusher*, Thread*)+0x23a
V  [libjvm.so+0x29af4b]  jni_CallStaticVoidMethod+0xbb
C  [libjli.so+0x3384]  JavaMain+0x9c4
C  [libpthread.so.0+0x6d4c]  start_thread+0xcc


---------------  P R O C E S S  ---------------

Java Threads: ( => current thread )
  0xb76cec00 JavaThread "Service Thread" daemon [_thread_blocked, id=2465, stack(0xa0b3b000,0xa0b8c000)]
  0xb76ccc00 JavaThread "C1 CompilerThread0" daemon [_thread_blocked, id=2464, stack(0xa0b8c000,0xa0c0d000)]
  0xa0f00800 JavaThread "JDWP Command Reader" daemon [_thread_in_native, id=2459, stack(0xa0c0d000,0xa0c5e000)]
  0xb76c6000 JavaThread "JDWP Event Helper Thread" daemon [_thread_blocked, id=2456, stack(0xa0c5e000,0xa0caf000)]
  0xb76c3400 JavaThread "JDWP Transport Listener: dt_socket" daemon [_thread_blocked, id=2451, stack(0xa0caf000,0xa0d00000)]
  0xb76bb000 JavaThread "Signal Dispatcher" daemon [_thread_blocked, id=2446, stack(0xa0e0d000,0xa0e5e000)]
  0xb7683400 JavaThread "Finalizer" daemon [_thread_blocked, id=2444, stack(0xa0e5e000,0xa0eaf000)]
  0xb7681800 JavaThread "Reference Handler" daemon [_thread_blocked, id=2443, stack(0xa0eaf000,0xa0f00000)]
=>0xb7607400 JavaThread "main" [_thread_in_Java, id=2427, stack(0xb7750000,0xb77a1000)]

Other Threads:
  0xb767c000 VMThread [stack: 0xa1001000,0xa1082000] [id=2441]
  0xb76d1000 WatcherThread [stack: 0xa0aba000,0xa0b3b000] [id=2466]

VM state:not at safepoint (normal execution)

VM Mutex/Monitor currently owned by a thread: None

Heap
 def new generation   total 4928K, used 2050K [0xa1380000, 0xa18d0000, 0xa68d0000)
  eden space 4416K,  46% used [0xa1380000, 0xa1580860, 0xa17d0000)
  from space 512K,   0% used [0xa17d0000, 0xa17d0000, 0xa1850000)
  to   space 512K,   0% used [0xa1850000, 0xa1850000, 0xa18d0000)
 tenured generation   total 10944K, used 0K [0xa68d0000, 0xa7380000, 0xb1380000)
   the space 10944K,   0% used [0xa68d0000, 0xa68d0000, 0xa68d0200, 0xa7380000)
 compacting perm gen  total 12288K, used 1903K [0xb1380000, 0xb1f80000, 0xb5380000)
   the space 12288K,  15% used [0xb1380000, 0xb155bdc8, 0xb155be00, 0xb1f80000)
No shared spaces configured.

Card table byte_map: [0xa12df000,0xa1380000] byte_map_base: 0xa0dd5400

Polling page: 0xb77bd000

Code Cache  [0xb5400000, 0xb54a8000, 0xb7400000)
 total_blobs=152 nmethods=33 adapters=63 free_code_cache=32109Kb largest_free_block=32880448

Compilation events (10 events):
Event: 0,297 Thread 0xb76ccc00   28             java.io.DataInputStream::readChar (40 bytes)
Event: 0,297 Thread 0xb76ccc00 nmethod 28 0xb549df08 code [0xb549e040, 0xb549e194]
Event: 0,310 Thread 0xb76ccc00   29             java.lang.String::getChars (62 bytes)
Event: 0,311 Thread 0xb76ccc00 nmethod 29 0xb549e288 code [0xb549e3f0, 0xb549e6c0]
Event: 0,311 Thread 0xb76ccc00   30             java.lang.AbstractStringBuilder::append (48 bytes)
Event: 0,312 Thread 0xb76ccc00 nmethod 30 0xb549e948 code [0xb549ea60, 0xb549eb88]
Event: 0,323 Thread 0xb76ccc00   32   !         java.net.URL::<init> (543 bytes)
Event: 0,329 Thread 0xb76ccc00 nmethod 32 0xb549ef48 code [0xb549f370, 0xb54a1fc8]
Event: 0,329 Thread 0xb76ccc00   33             java.lang.String::substring (79 bytes)
Event: 0,330 Thread 0xb76ccc00 nmethod 33 0xb54a4208 code [0xb54a4380, 0xb54a4640]

GC Heap History (0 events):
No events

Deoptimization events (0 events):
No events

Internal exceptions (10 events):
Event: 0,319 Thread 0xb7607400 Threw 0xa1566fc0 at /HUDSON/workspace/jdk7u9-2-build-linux-i586-product/jdk7u9/hotspot/src/share/vm/prims/jvm.cpp:1166
Event: 0,320 Thread 0xb7607400 Threw 0xa1569840 at /HUDSON/workspace/jdk7u9-2-build-linux-i586-product/jdk7u9/hotspot/src/share/vm/prims/jvm.cpp:1166
Event: 0,320 Thread 0xb7607400 Threw 0xa156bfb0 at /HUDSON/workspace/jdk7u9-2-build-linux-i586-product/jdk7u9/hotspot/src/share/vm/prims/jvm.cpp:1166
Event: 0,321 Thread 0xb7607400 Threw 0xa156f488 at /HUDSON/workspace/jdk7u9-2-build-linux-i586-product/jdk7u9/hotspot/src/share/vm/prims/jvm.cpp:1166
Event: 0,322 Thread 0xb7607400 Threw 0xa1570ea8 at /HUDSON/workspace/jdk7u9-2-build-linux-i586-product/jdk7u9/hotspot/src/share/vm/prims/jvm.cpp:1166
Event: 0,322 Thread 0xb7607400 Threw 0xa1573430 at /HUDSON/workspace/jdk7u9-2-build-linux-i586-product/jdk7u9/hotspot/src/share/vm/prims/jvm.cpp:1166
Event: 0,323 Thread 0xb7607400 Threw 0xa1574e00 at /HUDSON/workspace/jdk7u9-2-build-linux-i586-product/jdk7u9/hotspot/src/share/vm/prims/jvm.cpp:1166
Event: 0,329 Thread 0xb7607400 Threw 0xa15775f0 at /HUDSON/workspace/jdk7u9-2-build-linux-i586-product/jdk7u9/hotspot/src/share/vm/prims/jvm.cpp:1166
Event: 0,330 Thread 0xb7607400 Threw 0xa1579be8 at /HUDSON/workspace/jdk7u9-2-build-linux-i586-product/jdk7u9/hotspot/src/share/vm/prims/jvm.cpp:1166
Event: 0,330 Thread 0xb7607400 Implicit null exception at 0xb549f4b3 to 0x00000000

Events (10 events):
Event: 0,321 loading class 0xa0910190
Event: 0,321 loading class 0xa0910190 done
Event: 0,322 loading class 0xa090ed30
Event: 0,322 loading class 0xa090ed30 done
Event: 0,323 loading class 0xa09101e0
Event: 0,323 loading class 0xa09101e0 done
Event: 0,329 loading class 0xa0910218
Event: 0,329 loading class 0xa0910218 done
Event: 0,329 loading class 0xa0910250
Event: 0,329 loading class 0xa0910250 done


Dynamic libraries:
00110000-0011b000 r-xp 00000000 08:01 8651321    /opt/java/jre/lib/i386/libverify.so
0011b000-0011c000 rw-p 0000b000 08:01 8651321    /opt/java/jre/lib/i386/libverify.so
0011c000-00132000 r-xp 00000000 08:01 8132367    /lib/i386-linux-gnu/libnsl-2.15.so
00132000-00133000 r--p 00015000 08:01 8132367    /lib/i386-linux-gnu/libnsl-2.15.so
00133000-00134000 rw-p 00016000 08:01 8132367    /lib/i386-linux-gnu/libnsl-2.15.so
00134000-00136000 rw-p 00000000 00:00 0 
0014b000-0016e000 r-xp 00000000 08:01 8651339    /opt/java/jre/lib/i386/libjava.so
0016e000-0016f000 rw-p 00023000 08:01 8651339    /opt/java/jre/lib/i386/libjava.so
0016f000-00186000 r-xp 00000000 08:01 8651376    /opt/java/jre/lib/i386/libzip.so
00186000-00187000 rw-p 00017000 08:01 8651376    /opt/java/jre/lib/i386/libzip.so
001fe000-00205000 r-xp 00000000 08:01 8132345    /lib/i386-linux-gnu/libnss_compat-2.15.so
00205000-00206000 r--p 00006000 08:01 8132345    /lib/i386-linux-gnu/libnss_compat-2.15.so
00206000-00207000 rw-p 00007000 08:01 8132345    /lib/i386-linux-gnu/libnss_compat-2.15.so
0026b000-00276000 r-xp 00000000 08:01 8132351    /lib/i386-linux-gnu/libnss_files-2.15.so
00276000-00277000 r--p 0000a000 08:01 8132351    /lib/i386-linux-gnu/libnss_files-2.15.so
00277000-00278000 rw-p 0000b000 08:01 8132351    /lib/i386-linux-gnu/libnss_files-2.15.so
0041d000-00434000 r-xp 00000000 08:01 8132356    /lib/i386-linux-gnu/libpthread-2.15.so
00434000-00435000 r--p 00016000 08:01 8132356    /lib/i386-linux-gnu/libpthread-2.15.so
00435000-00436000 rw-p 00017000 08:01 8132356    /lib/i386-linux-gnu/libpthread-2.15.so
00436000-00438000 rw-p 00000000 00:00 0 
0053c000-0053e000 r-xp 00000000 08:01 8651370    /opt/java/jre/lib/i386/libnpt.so
0053e000-0053f000 rw-p 00002000 08:01 8651370    /opt/java/jre/lib/i386/libnpt.so
009ef000-00a26000 r-xp 00000000 08:01 8651351    /opt/java/jre/lib/i386/libjdwp.so
00a26000-00a27000 rw-p 00037000 08:01 8651351    /opt/java/jre/lib/i386/libjdwp.so
00a7a000-00a7d000 r-xp 00000000 08:01 8132362    /lib/i386-linux-gnu/libdl-2.15.so
00a7d000-00a7e000 r--p 00002000 08:01 8132362    /lib/i386-linux-gnu/libdl-2.15.so
00a7e000-00a7f000 rw-p 00003000 08:01 8132362    /lib/i386-linux-gnu/libdl-2.15.so
00ae3000-00c86000 r-xp 00000000 08:01 8132324    /lib/i386-linux-gnu/libc-2.15.so
00c86000-00c88000 r--p 001a3000 08:01 8132324    /lib/i386-linux-gnu/libc-2.15.so
00c88000-00c89000 rw-p 001a5000 08:01 8132324    /lib/i386-linux-gnu/libc-2.15.so
00c89000-00c8c000 rw-p 00000000 00:00 0 
00d21000-00d2b000 r-xp 00000000 08:01 8132355    /lib/i386-linux-gnu/libnss_nis-2.15.so
00d2b000-00d2c000 r--p 00009000 08:01 8132355    /lib/i386-linux-gnu/libnss_nis-2.15.so
00d2c000-00d2d000 rw-p 0000a000 08:01 8132355    /lib/i386-linux-gnu/libnss_nis-2.15.so
00d38000-00d3f000 r-xp 00000000 08:01 8132354    /lib/i386-linux-gnu/librt-2.15.so
00d3f000-00d40000 r--p 00006000 08:01 8132354    /lib/i386-linux-gnu/librt-2.15.so
00d40000-00d41000 rw-p 00007000 08:01 8132354    /lib/i386-linux-gnu/librt-2.15.so
00db7000-00dca000 r-xp 00000000 08:01 8651343    /opt/java/jre/lib/i386/jli/libjli.so
00dca000-00dcb000 rw-p 00012000 08:01 8651343    /opt/java/jre/lib/i386/jli/libjli.so
00dd2000-00df2000 r-xp 00000000 08:01 8132359    /lib/i386-linux-gnu/ld-2.15.so
00df2000-00df3000 r--p 0001f000 08:01 8132359    /lib/i386-linux-gnu/ld-2.15.so
00df3000-00df4000 rw-p 00020000 08:01 8132359    /lib/i386-linux-gnu/ld-2.15.so
00e5d000-00e60000 r-xp 00000000 08:01 8651358    /opt/java/jre/lib/i386/libdt_socket.so
00e60000-00e61000 rw-p 00003000 08:01 8651358    /opt/java/jre/lib/i386/libdt_socket.so
00e87000-00eb1000 r-xp 00000000 08:01 8132358    /lib/i386-linux-gnu/libm-2.15.so
00eb1000-00eb2000 r--p 00029000 08:01 8132358    /lib/i386-linux-gnu/libm-2.15.so
00eb2000-00eb3000 rw-p 0002a000 08:01 8132358    /lib/i386-linux-gnu/libm-2.15.so
00f28000-00f29000 r-xp 00000000 00:00 0          [vdso]
00f29000-0143c000 r-xp 00000000 08:01 8651334    /opt/java/jre/lib/i386/client/libjvm.so
0143c000-01459000 rw-p 00513000 08:01 8651334    /opt/java/jre/lib/i386/client/libjvm.so
01459000-01878000 rw-p 00000000 00:00 0 
08048000-08049000 r-xp 00000000 08:01 8651621    /opt/java/jre/bin/java
08049000-0804a000 rw-p 00000000 08:01 8651621    /opt/java/jre/bin/java
09582000-095a3000 rw-p 00000000 00:00 0          [heap]
a0831000-a0900000 rw-p 00000000 00:00 0 
a0900000-a0921000 rw-p 00000000 00:00 0 
a0921000-a0a00000 ---p 00000000 00:00 0 
a0a5f000-a0aba000 rw-p 00000000 00:00 0 
a0aba000-a0abb000 ---p 00000000 00:00 0 
a0abb000-a0b3b000 rw-p 00000000 00:00 0 
a0b3b000-a0b3e000 ---p 00000000 00:00 0 
a0b3e000-a0b8c000 rw-p 00000000 00:00 0 
a0b8c000-a0b8f000 ---p 00000000 00:00 0 
a0b8f000-a0c0d000 rw-p 00000000 00:00 0 
a0c0d000-a0c10000 ---p 00000000 00:00 0 
a0c10000-a0c5e000 rw-p 00000000 00:00 0 
a0c5e000-a0c61000 ---p 00000000 00:00 0 
a0c61000-a0caf000 rw-p 00000000 00:00 0 
a0caf000-a0cb2000 ---p 00000000 00:00 0 
a0cb2000-a0d00000 rw-p 00000000 00:00 0 
a0d00000-a0d7c000 rw-p 00000000 00:00 0 
a0d7c000-a0e00000 ---p 00000000 00:00 0 
a0e0d000-a0e10000 ---p 00000000 00:00 0 
a0e10000-a0e5e000 rw-p 00000000 00:00 0 
a0e5e000-a0e61000 ---p 00000000 00:00 0 
a0e61000-a0eaf000 rw-p 00000000 00:00 0 
a0eaf000-a0eb2000 ---p 00000000 00:00 0 
a0eb2000-a0f00000 rw-p 00000000 00:00 0 
a0f00000-a0f21000 rw-p 00000000 00:00 0 
a0f21000-a1000000 ---p 00000000 00:00 0 
a1001000-a1002000 ---p 00000000 00:00 0 
a1002000-a10cd000 rw-p 00000000 00:00 0 
a10cd000-a1289000 r--s 031bb000 08:01 8650797    /opt/java/jre/lib/rt.jar
a1289000-a128f000 rw-p 00000000 00:00 0 
a128f000-a12df000 rw-p 00000000 00:00 0 
a12df000-a12e2000 rw-p 00000000 00:00 0 
a12e2000-a1309000 rw-p 00000000 00:00 0 
a1309000-a130f000 rw-p 00000000 00:00 0 
a130f000-a135f000 rw-p 00000000 00:00 0 
a135f000-a1365000 rw-p 00000000 00:00 0 
a1365000-a137f000 rw-p 00000000 00:00 0 
a137f000-a18d0000 rw-p 00000000 00:00 0 
a18d0000-a68d0000 rw-p 00000000 00:00 0 
a68d0000-a7380000 rw-p 00000000 00:00 0 
a7380000-b1380000 rw-p 00000000 00:00 0 
b1380000-b1f80000 rw-p 00000000 00:00 0 
b1f80000-b5380000 rw-p 00000000 00:00 0 
b5380000-b5383000 rw-p 00000000 00:00 0 
b5383000-b5400000 rw-p 00000000 00:00 0 
b5400000-b54a8000 rwxp 00000000 00:00 0 
b54a8000-b7400000 rw-p 00000000 00:00 0 
b7400000-b7600000 r--p 00000000 08:01 2098514    /usr/lib/locale/locale-archive
b7600000-b7700000 rw-p 00000000 00:00 0 
b772f000-b7736000 rw-p 00000000 00:00 0 
b7736000-b7750000 rw-p 00000000 00:00 0 
b7750000-b7753000 ---p 00000000 00:00 0 
b7753000-b77a3000 rw-p 00000000 00:00 0 
b77b0000-b77b3000 rw-p 00000000 00:00 0 
b77b3000-b77bb000 rw-s 00000000 08:01 1573166    /tmp/hsperfdata_euler/2423
b77bb000-b77bc000 r--p 002c9000 08:01 2098514    /usr/lib/locale/locale-archive
b77bc000-b77bd000 rw-p 00000000 00:00 0 
b77bd000-b77be000 r--p 00000000 00:00 0 
b77be000-b77c0000 rw-p 00000000 00:00 0 
bff0f000-bff30000 rw-p 00000000 00:00 0          [stack]

VM Arguments:
jvm_args: -agentlib:jdwp=transport=dt_socket,suspend=y,address=localhost:44132 -Dfile.encoding=UTF-8 
java_command: main.Main
Launcher Type: SUN_STANDARD

Environment Variables:
PATH=/usr/lib/lightdm/lightdm:/usr/local/sbin:/usr/local/bin:/usr/sbin:/usr/bin:/sbin:/bin:/usr/games
LD_LIBRARY_PATH=/opt/java/jre/lib/i386/client:/opt/java/jre/lib/i386:
SHELL=/bin/bash
DISPLAY=:0

Signal Handlers:
SIGSEGV: [libjvm.so+0x490c10], sa_mask[0]=0x7ffbfeff, sa_flags=0x10000004
SIGBUS: [libjvm.so+0x490c10], sa_mask[0]=0x7ffbfeff, sa_flags=0x10000004
SIGFPE: [libjvm.so+0x3a4730], sa_mask[0]=0x7ffbfeff, sa_flags=0x10000004
SIGPIPE: [libjvm.so+0x3a4730], sa_mask[0]=0x7ffbfeff, sa_flags=0x10000004
SIGXFSZ: [libjvm.so+0x3a4730], sa_mask[0]=0x7ffbfeff, sa_flags=0x10000004
SIGILL: [libjvm.so+0x3a4730], sa_mask[0]=0x7ffbfeff, sa_flags=0x10000004
SIGUSR1: SIG_DFL, sa_mask[0]=0x00000000, sa_flags=0x00000000
SIGUSR2: [libjvm.so+0x3a4010], sa_mask[0]=0x00000004, sa_flags=0x10000004
SIGHUP: [libjvm.so+0x3a6600], sa_mask[0]=0x7ffbfeff, sa_flags=0x10000004
SIGINT: [libjvm.so+0x3a6600], sa_mask[0]=0x7ffbfeff, sa_flags=0x10000004
SIGTERM: [libjvm.so+0x3a6600], sa_mask[0]=0x7ffbfeff, sa_flags=0x10000004
SIGQUIT: [libjvm.so+0x3a6600], sa_mask[0]=0x7ffbfeff, sa_flags=0x10000004


---------------  S Y S T E M  ---------------

OS:wheezy/sid

uname:Linux 3.2.0-54-generic #82-Ubuntu SMP Tue Sep 10 20:09:12 UTC 2013 i686
libc:glibc 2.15 NPTL 2.15 
rlimit: STACK 8192k, CORE 0k, NPROC 15720, NOFILE 4096, AS infinity
load average:0,29 0,35 0,32

/proc/meminfo:
MemTotal:        2026856 kB
MemFree:          211580 kB
Buffers:          177356 kB
Cached:           710804 kB
SwapCached:         3260 kB
Active:          1009684 kB
Inactive:         686360 kB
Active(anon):     695548 kB
Inactive(anon):   332208 kB
Active(file):     314136 kB
Inactive(file):   354152 kB
Unevictable:          16 kB
Mlocked:              16 kB
HighTotal:       1152584 kB
HighFree:          14636 kB
LowTotal:         874272 kB
LowFree:          196944 kB
SwapTotal:       2059260 kB
SwapFree:        1918816 kB
Dirty:               280 kB
Writeback:             0 kB
AnonPages:        804604 kB
Mapped:           144608 kB
Shmem:            219896 kB
Slab:              89432 kB
SReclaimable:      64024 kB
SUnreclaim:        25408 kB
KernelStack:        4040 kB
PageTables:        12172 kB
NFS_Unstable:          0 kB
Bounce:                0 kB
WritebackTmp:          0 kB
CommitLimit:     3072688 kB
Committed_AS:    4281024 kB
VmallocTotal:     122880 kB
VmallocUsed:       17668 kB
VmallocChunk:      62852 kB
HardwareCorrupted:     0 kB
AnonHugePages:         0 kB
HugePages_Total:       0
HugePages_Free:        0
HugePages_Rsvd:        0
HugePages_Surp:        0
Hugepagesize:       4096 kB
DirectMap4k:       16376 kB
DirectMap4M:      892928 kB


CPU:total 2 (2 cores per cpu, 1 threads per core) family 15 model 6 stepping 4, cmov, cx8, fxsr, mmx, sse, sse2, sse3, tsc

/proc/cpuinfo:
processor	: 0
vendor_id	: GenuineIntel
cpu family	: 15
model		: 6
model name	: Intel(R) Pentium(R) D CPU 2.80GHz
stepping	: 4
microcode	: 0x4
cpu MHz		: 2403.000
cache size	: 2048 KB
physical id	: 0
siblings	: 2
core id		: 0
cpu cores	: 2
apicid		: 0
initial apicid	: 0
fdiv_bug	: no
hlt_bug		: no
f00f_bug	: no
coma_bug	: no
fpu		: yes
fpu_exception	: yes
cpuid level	: 6
wp		: yes
flags		: fpu vme de pse tsc msr pae mce cx8 apic mtrr pge mca cmov pat pse36 clflush dts acpi mmx fxsr sse sse2 ss ht tm pbe nx lm constant_tsc pebs bts pni dtes64 monitor ds_cpl est cid cx16 xtpr pdcm lahf_lm
bogomips	: 5599.69
clflush size	: 64
cache_alignment	: 128
address sizes	: 36 bits physical, 48 bits virtual
power management:

processor	: 1
vendor_id	: GenuineIntel
cpu family	: 15
model		: 6
model name	: Intel(R) Pentium(R) D CPU 2.80GHz
stepping	: 4
microcode	: 0x4
cpu MHz		: 2403.000
cache size	: 2048 KB
physical id	: 0
siblings	: 2
core id		: 1
cpu cores	: 2
apicid		: 1
initial apicid	: 1
fdiv_bug	: no
hlt_bug		: no
f00f_bug	: no
coma_bug	: no
fpu		: yes
fpu_exception	: yes
cpuid level	: 6
wp		: yes
flags		: fpu vme de pse tsc msr pae mce cx8 apic mtrr pge mca cmov pat pse36 clflush dts acpi mmx fxsr sse sse2 ss ht tm pbe nx lm constant_tsc pebs bts pni dtes64 monitor ds_cpl est cid cx16 xtpr pdcm lahf_lm
bogomips	: 5476.37
clflush size	: 64
cache_alignment	: 128
address sizes	: 36 bits physical, 48 bits virtual
power management:



Memory: 4k page, physical 2026856k(211580k free), swap 2059260k(1918816k free)

vm_info: Java HotSpot(TM) Client VM (23.5-b02) for linux-x86 JRE (1.7.0_09-b05), built on Sep 24 2012 20:42:41 by "java_re" with gcc 4.3.0 20080428 (Red Hat 4.3.0-8)

time: Sun Jul 27 15:51:20 2014
elapsed time: 0 seconds

